{"D:\\Kerja\\BNI\\Bootcamp\\Praktek\\materi 3 (backend)\\bni-marketplace\\controllers\\UserControllers.js": {"path":"D:\\Kerja\\BNI\\Bootcamp\\Praktek\\materi 3 (backend)\\bni-marketplace\\controllers\\UserControllers.js","statementMap":{"0":{"start":{"line":1,"column":17},"end":{"line":1,"column":37}},"1":{"start":{"line":2,"column":15},"end":{"line":2,"column":32}},"2":{"start":{"line":3,"column":12},"end":{"line":3,"column":35}},"3":{"start":{"line":7,"column":8},"end":{"line":32,"column":9}},"4":{"start":{"line":8,"column":52},"end":{"line":8,"column":66}},"5":{"start":{"line":9,"column":12},"end":{"line":14,"column":13}},"6":{"start":{"line":10,"column":16},"end":{"line":13,"column":17}},"7":{"start":{"line":16,"column":31},"end":{"line":16,"column":64}},"8":{"start":{"line":17,"column":25},"end":{"line":17,"column":55}},"9":{"start":{"line":18,"column":25},"end":{"line":18,"column":56}},"10":{"start":{"line":20,"column":28},"end":{"line":25,"column":13}},"11":{"start":{"line":27,"column":25},"end":{"line":27,"column":53}},"12":{"start":{"line":29,"column":12},"end":{"line":29,"column":56}},"13":{"start":{"line":31,"column":12},"end":{"line":31,"column":23}},"14":{"start":{"line":36,"column":8},"end":{"line":75,"column":9}},"15":{"start":{"line":37,"column":40},"end":{"line":37,"column":54}},"16":{"start":{"line":39,"column":12},"end":{"line":41,"column":13}},"17":{"start":{"line":40,"column":16},"end":{"line":40,"column":61}},"18":{"start":{"line":43,"column":25},"end":{"line":47,"column":14}},"19":{"start":{"line":49,"column":12},"end":{"line":51,"column":13}},"20":{"start":{"line":50,"column":16},"end":{"line":50,"column":77}},"21":{"start":{"line":53,"column":27},"end":{"line":53,"column":70}},"22":{"start":{"line":55,"column":12},"end":{"line":57,"column":13}},"23":{"start":{"line":56,"column":16},"end":{"line":56,"column":77}},"24":{"start":{"line":59,"column":29},"end":{"line":64,"column":13}},"25":{"start":{"line":66,"column":26},"end":{"line":66,"column":70}},"26":{"start":{"line":67,"column":12},"end":{"line":72,"column":14}},"27":{"start":{"line":74,"column":12},"end":{"line":74,"column":23}},"28":{"start":{"line":79,"column":8},"end":{"line":93,"column":9}},"29":{"start":{"line":80,"column":24},"end":{"line":80,"column":44}},"30":{"start":{"line":81,"column":12},"end":{"line":88,"column":14}},"31":{"start":{"line":82,"column":16},"end":{"line":87,"column":17}},"32":{"start":{"line":90,"column":12},"end":{"line":90,"column":69}},"33":{"start":{"line":92,"column":12},"end":{"line":92,"column":23}},"34":{"start":{"line":97,"column":0},"end":{"line":97,"column":33}}},"fnMap":{"0":{"name":"(anonymous_0)","decl":{"start":{"line":6,"column":4},"end":{"line":6,"column":5}},"loc":{"start":{"line":6,"column":46},"end":{"line":33,"column":5}},"line":6},"1":{"name":"(anonymous_1)","decl":{"start":{"line":35,"column":4},"end":{"line":35,"column":5}},"loc":{"start":{"line":35,"column":43},"end":{"line":76,"column":5}},"line":35},"2":{"name":"(anonymous_2)","decl":{"start":{"line":78,"column":4},"end":{"line":78,"column":5}},"loc":{"start":{"line":78,"column":45},"end":{"line":94,"column":5}},"line":78},"3":{"name":"(anonymous_3)","decl":{"start":{"line":81,"column":30},"end":{"line":81,"column":31}},"loc":{"start":{"line":81,"column":38},"end":{"line":88,"column":13}},"line":81}},"branchMap":{"0":{"loc":{"start":{"line":8,"column":52},"end":{"line":8,"column":66}},"type":"binary-expr","locations":[{"start":{"line":8,"column":52},"end":{"line":8,"column":60}},{"start":{"line":8,"column":64},"end":{"line":8,"column":66}}],"line":8},"1":{"loc":{"start":{"line":9,"column":12},"end":{"line":14,"column":13}},"type":"if","locations":[{"start":{"line":9,"column":12},"end":{"line":14,"column":13}},{"start":{},"end":{}}],"line":9},"2":{"loc":{"start":{"line":9,"column":16},"end":{"line":9,"column":53}},"type":"binary-expr","locations":[{"start":{"line":9,"column":16},"end":{"line":9,"column":21}},{"start":{"line":9,"column":25},"end":{"line":9,"column":30}},{"start":{"line":9,"column":34},"end":{"line":9,"column":43}},{"start":{"line":9,"column":47},"end":{"line":9,"column":53}}],"line":9},"3":{"loc":{"start":{"line":37,"column":40},"end":{"line":37,"column":54}},"type":"binary-expr","locations":[{"start":{"line":37,"column":40},"end":{"line":37,"column":48}},{"start":{"line":37,"column":52},"end":{"line":37,"column":54}}],"line":37},"4":{"loc":{"start":{"line":39,"column":12},"end":{"line":41,"column":13}},"type":"if","locations":[{"start":{"line":39,"column":12},"end":{"line":41,"column":13}},{"start":{},"end":{}}],"line":39},"5":{"loc":{"start":{"line":39,"column":16},"end":{"line":39,"column":35}},"type":"binary-expr","locations":[{"start":{"line":39,"column":16},"end":{"line":39,"column":22}},{"start":{"line":39,"column":26},"end":{"line":39,"column":35}}],"line":39},"6":{"loc":{"start":{"line":49,"column":12},"end":{"line":51,"column":13}},"type":"if","locations":[{"start":{"line":49,"column":12},"end":{"line":51,"column":13}},{"start":{},"end":{}}],"line":49},"7":{"loc":{"start":{"line":55,"column":12},"end":{"line":57,"column":13}},"type":"if","locations":[{"start":{"line":55,"column":12},"end":{"line":57,"column":13}},{"start":{},"end":{}}],"line":55}},"s":{"0":1,"1":1,"2":1,"3":2,"4":2,"5":2,"6":1,"7":1,"8":1,"9":1,"10":1,"11":1,"12":1,"13":1,"14":0,"15":0,"16":0,"17":0,"18":0,"19":0,"20":0,"21":0,"22":0,"23":0,"24":0,"25":0,"26":0,"27":0,"28":0,"29":0,"30":0,"31":0,"32":0,"33":0,"34":1},"f":{"0":2,"1":0,"2":0,"3":0},"b":{"0":[2,0],"1":[1,1],"2":[2,2,2,1],"3":[0,0],"4":[0,0],"5":[0,0],"6":[0,0],"7":[0,0]},"_coverageSchema":"1a1c01bbd47fc00a2c39e90264f33305004495a9","hash":"ad941717ed1cc5a21151a6a873669359649d7a1b"}
}
