TN:
SF:controllers\UserControllers.js
FN:6,(anonymous_0)
FN:35,(anonymous_1)
FN:78,(anonymous_2)
FN:81,(anonymous_3)
FNF:4
FNH:1
FNDA:2,(anonymous_0)
FNDA:0,(anonymous_1)
FNDA:0,(anonymous_2)
FNDA:0,(anonymous_3)
DA:1,1
DA:2,1
DA:3,1
DA:7,2
DA:8,2
DA:9,2
DA:10,1
DA:16,1
DA:17,1
DA:18,1
DA:20,1
DA:27,1
DA:29,1
DA:31,1
DA:36,0
DA:37,0
DA:39,0
DA:40,0
DA:43,0
DA:49,0
DA:50,0
DA:53,0
DA:55,0
DA:56,0
DA:59,0
DA:66,0
DA:67,0
DA:74,0
DA:79,0
DA:80,0
DA:81,0
DA:82,0
DA:90,0
DA:92,0
DA:97,1
LF:35
LH:15
BRDA:8,0,0,2
BRDA:8,0,1,0
BRDA:9,1,0,1
BRDA:9,1,1,1
BRDA:9,2,0,2
BRDA:9,2,1,2
BRDA:9,2,2,2
BRDA:9,2,3,1
BRDA:37,3,0,0
BRDA:37,3,1,0
BRDA:39,4,0,0
BRDA:39,4,1,0
BRDA:39,5,0,0
BRDA:39,5,1,0
BRDA:49,6,0,0
BRDA:49,6,1,0
BRDA:55,7,0,0
BRDA:55,7,1,0
BRF:18
BRH:7
end_of_record
